<?xml version="1.0" encoding="UTF-8"?>
<!-- Generated by org.testng.reporters.JUnitXMLReporter -->
<testsuite ignored="0" hostname="LAPTOP-2D5BQ39G" failures="0" tests="7" name="BankingApp Test" time="77.834" errors="0" timestamp="25 Mar 2021 20:09:11 GMT">
  <testcase classname="com.inetbanking.testCases.LoginTest" name="loginTest" time="2.069"/>
  <testcase classname="com.inetbanking.testCases.LoginDDTest" name="loginDDT" time="9.226"/>
  <testcase classname="com.inetbanking.testCases.LoginDDTest" name="loginDDT" time="8.58"/>
  <testcase classname="com.inetbanking.testCases.LoginDDTest" name="loginDDT" time="9.462"/>
  <testcase classname="com.inetbanking.testCases.LoginDDTest" name="loginDDT" time="8.637"/>
  <testcase classname="com.inetbanking.testCases.LoginDDTest" name="loginDDT" time="8.628"/>
  <testcase classname="com.inetbanking.testCases.AddCustomerTest" name="addNewCustomer" time="14.245"/>
</testsuite> <!-- BankingApp Test -->
