<?xml version="1.0" encoding="UTF-8"?>
<testng-results ignored="0" total="7" passed="7" failed="0" skipped="0">
  <reporter-output>
  </reporter-output>
  <suite started-at="2021-03-25T20:07:53Z" name="InetBankingV1" finished-at="2021-03-25T20:09:10Z" duration-ms="77834">
    <groups>
    </groups>
    <test started-at="2021-03-25T20:07:53Z" name="BankingApp Test" finished-at="2021-03-25T20:09:10Z" duration-ms="77834">
      <class name="com.inetbanking.testCases.LoginTest">
        <test-method is-config="true" signature="setup(java.lang.String)[pri:0, instance:com.inetbanking.testCases.LoginTest@2cb2fc20]" started-at="2021-03-25T20:07:53Z" name="setup" finished-at="2021-03-25T20:07:57Z" duration-ms="4575" status="PASS">
          <params>
            <param index="0">
              <value>
                <![CDATA[chrome]]>
              </value>
            </param>
          </params>
          <reporter-output>
          </reporter-output>
        </test-method> <!-- setup -->
        <test-method signature="loginTest()[pri:0, instance:com.inetbanking.testCases.LoginTest@2cb2fc20]" started-at="2021-03-25T20:07:57Z" name="loginTest" finished-at="2021-03-25T20:07:59Z" duration-ms="2069" status="PASS">
          <reporter-output>
          </reporter-output>
        </test-method> <!-- loginTest -->
        <test-method is-config="true" signature="tearDown()[pri:0, instance:com.inetbanking.testCases.LoginTest@2cb2fc20]" started-at="2021-03-25T20:07:59Z" name="tearDown" finished-at="2021-03-25T20:08:01Z" duration-ms="1158" status="PASS">
          <reporter-output>
          </reporter-output>
        </test-method> <!-- tearDown -->
      </class> <!-- com.inetbanking.testCases.LoginTest -->
      <class name="com.inetbanking.testCases.AddCustomerTest">
        <test-method is-config="true" signature="setup(java.lang.String)[pri:0, instance:com.inetbanking.testCases.AddCustomerTest@723e88f9]" started-at="2021-03-25T20:08:52Z" name="setup" finished-at="2021-03-25T20:08:56Z" duration-ms="3797" status="PASS">
          <params>
            <param index="0">
              <value>
                <![CDATA[chrome]]>
              </value>
            </param>
          </params>
          <reporter-output>
          </reporter-output>
        </test-method> <!-- setup -->
        <test-method signature="addNewCustomer()[pri:0, instance:com.inetbanking.testCases.AddCustomerTest@723e88f9]" started-at="2021-03-25T20:08:56Z" name="addNewCustomer" finished-at="2021-03-25T20:09:10Z" duration-ms="14245" status="PASS">
          <reporter-output>
          </reporter-output>
        </test-method> <!-- addNewCustomer -->
        <test-method is-config="true" signature="tearDown()[pri:0, instance:com.inetbanking.testCases.AddCustomerTest@723e88f9]" started-at="2021-03-25T20:09:10Z" name="tearDown" finished-at="2021-03-25T20:09:10Z" duration-ms="646" status="PASS">
          <reporter-output>
          </reporter-output>
        </test-method> <!-- tearDown -->
      </class> <!-- com.inetbanking.testCases.AddCustomerTest -->
      <class name="com.inetbanking.testCases.LoginDDTest">
        <test-method is-config="true" signature="setup(java.lang.String)[pri:0, instance:com.inetbanking.testCases.LoginDDTest@4f4c4b1a]" started-at="2021-03-25T20:08:01Z" name="setup" finished-at="2021-03-25T20:08:06Z" duration-ms="5003" status="PASS">
          <params>
            <param index="0">
              <value>
                <![CDATA[chrome]]>
              </value>
            </param>
          </params>
          <reporter-output>
          </reporter-output>
        </test-method> <!-- setup -->
        <test-method signature="loginDDT(java.lang.String, java.lang.String)[pri:0, instance:com.inetbanking.testCases.LoginDDTest@4f4c4b1a]" started-at="2021-03-25T20:08:07Z" name="loginDDT" data-provider="LoginData" finished-at="2021-03-25T20:08:16Z" duration-ms="9226" status="PASS">
          <params>
            <param index="0">
              <value>
                <![CDATA[mngr315427]]>
              </value>
            </param>
            <param index="1">
              <value>
                <![CDATA[EnejAbE]]>
              </value>
            </param>
          </params>
          <reporter-output>
          </reporter-output>
        </test-method> <!-- loginDDT -->
        <test-method signature="loginDDT(java.lang.String, java.lang.String)[pri:0, instance:com.inetbanking.testCases.LoginDDTest@4f4c4b1a]" started-at="2021-03-25T20:08:16Z" name="loginDDT" data-provider="LoginData" finished-at="2021-03-25T20:08:24Z" duration-ms="8580" status="PASS">
          <params>
            <param index="0">
              <value>
                <![CDATA[mngr315427]]>
              </value>
            </param>
            <param index="1">
              <value>
                <![CDATA[EnejAbE]]>
              </value>
            </param>
          </params>
          <reporter-output>
          </reporter-output>
        </test-method> <!-- loginDDT -->
        <test-method signature="loginDDT(java.lang.String, java.lang.String)[pri:0, instance:com.inetbanking.testCases.LoginDDTest@4f4c4b1a]" started-at="2021-03-25T20:08:24Z" name="loginDDT" data-provider="LoginData" finished-at="2021-03-25T20:08:34Z" duration-ms="9462" status="PASS">
          <params>
            <param index="0">
              <value>
                <![CDATA[mngr315427]]>
              </value>
            </param>
            <param index="1">
              <value>
                <![CDATA[EnejAbE]]>
              </value>
            </param>
          </params>
          <reporter-output>
          </reporter-output>
        </test-method> <!-- loginDDT -->
        <test-method signature="loginDDT(java.lang.String, java.lang.String)[pri:0, instance:com.inetbanking.testCases.LoginDDTest@4f4c4b1a]" started-at="2021-03-25T20:08:34Z" name="loginDDT" data-provider="LoginData" finished-at="2021-03-25T20:08:42Z" duration-ms="8637" status="PASS">
          <params>
            <param index="0">
              <value>
                <![CDATA[mngr315427]]>
              </value>
            </param>
            <param index="1">
              <value>
                <![CDATA[EnejAbE]]>
              </value>
            </param>
          </params>
          <reporter-output>
          </reporter-output>
        </test-method> <!-- loginDDT -->
        <test-method signature="loginDDT(java.lang.String, java.lang.String)[pri:0, instance:com.inetbanking.testCases.LoginDDTest@4f4c4b1a]" started-at="2021-03-25T20:08:42Z" name="loginDDT" data-provider="LoginData" finished-at="2021-03-25T20:08:51Z" duration-ms="8628" status="PASS">
          <params>
            <param index="0">
              <value>
                <![CDATA[mngr315427]]>
              </value>
            </param>
            <param index="1">
              <value>
                <![CDATA[EnejAbE]]>
              </value>
            </param>
          </params>
          <reporter-output>
          </reporter-output>
        </test-method> <!-- loginDDT -->
        <test-method is-config="true" signature="tearDown()[pri:0, instance:com.inetbanking.testCases.LoginDDTest@4f4c4b1a]" started-at="2021-03-25T20:08:51Z" name="tearDown" finished-at="2021-03-25T20:08:52Z" duration-ms="715" status="PASS">
          <reporter-output>
          </reporter-output>
        </test-method> <!-- tearDown -->
      </class> <!-- com.inetbanking.testCases.LoginDDTest -->
    </test> <!-- BankingApp Test -->
  </suite> <!-- InetBankingV1 -->
</testng-results>
